<?xml version="1.0" encoding="UTF-8"?>
<!-- Generated by org.testng.reporters.JUnitXMLReporter -->
<testsuite ignored="0" hostname="RobyKurnia" failures="0" tests="2" name="Default test" time="63.619" errors="0" timestamp="2022-04-08T21:21:56 ICT">
  <testcase classname="com.juaracoding.catatankeuangan.StepDefinitions" name="testAddPengeluaran" time="19.271"/>
  <testcase classname="com.juaracoding.catatankeuangan.StepDefinitions" name="testEditContact" time="18.444"/>
</testsuite> <!-- Default test -->
