<?xml version="1.0" encoding="UTF-8"?>
<testng-results ignored="0" total="2" passed="2" failed="0" skipped="0">
  <reporter-output>
  </reporter-output>
  <suite started-at="2022-04-08T21:20:52 ICT" name="Default suite" finished-at="2022-04-08T21:21:56 ICT" duration-ms="63619">
    <groups>
    </groups>
    <test started-at="2022-04-08T21:20:52 ICT" name="Default test" finished-at="2022-04-08T21:21:56 ICT" duration-ms="63619">
      <class name="com.juaracoding.catatankeuangan.StepDefinitions">
        <test-method is-config="true" signature="initReports()[pri:0, instance:com.juaracoding.catatankeuangan.StepDefinitions@123ef382]" started-at="2022-04-08T21:20:52 ICT" name="initReports" finished-at="2022-04-08T21:20:52 ICT" duration-ms="469" status="PASS">
          <reporter-output>
          </reporter-output>
        </test-method> <!-- initReports -->
        <test-method is-config="true" signature="setUp()[pri:0, instance:com.juaracoding.catatankeuangan.StepDefinitions@123ef382]" started-at="2022-04-08T21:20:52 ICT" name="setUp" finished-at="2022-04-08T21:21:13 ICT" duration-ms="20355" status="PASS">
          <reporter-output>
          </reporter-output>
        </test-method> <!-- setUp -->
        <test-method is-config="true" signature="beforeMethodTest()[pri:0, instance:com.juaracoding.catatankeuangan.StepDefinitions@123ef382]" started-at="2022-04-08T21:21:13 ICT" name="beforeMethodTest" finished-at="2022-04-08T21:21:13 ICT" duration-ms="9" status="PASS">
          <reporter-output>
          </reporter-output>
        </test-method> <!-- beforeMethodTest -->
        <test-method signature="testAddPengeluaran()[pri:1, instance:com.juaracoding.catatankeuangan.StepDefinitions@123ef382]" started-at="2022-04-08T21:21:13 ICT" name="testAddPengeluaran" description="User menambahkan Pengeluaran" finished-at="2022-04-08T21:21:32 ICT" duration-ms="19271" status="PASS">
          <reporter-output>
          </reporter-output>
        </test-method> <!-- testAddPengeluaran -->
        <test-method is-config="true" signature="getResult(org.testng.ITestResult)[pri:0, instance:com.juaracoding.catatankeuangan.StepDefinitions@123ef382]" started-at="2022-04-08T21:21:32 ICT" name="getResult" finished-at="2022-04-08T21:21:32 ICT" duration-ms="13" status="PASS">
          <params>
            <param index="0">
              <value>
                <![CDATA[[TestResult name=testAddPengeluaran status=SUCCESS method=StepDefinitions.testAddPengeluaran()[pri:1, instance:com.juaracoding.catatankeuangan.StepDefinitions@123ef382] output={null}]]]>
              </value>
            </param>
          </params>
          <reporter-output>
          </reporter-output>
        </test-method> <!-- getResult -->
        <test-method is-config="true" signature="beforeMethodTest()[pri:0, instance:com.juaracoding.catatankeuangan.StepDefinitions@123ef382]" started-at="2022-04-08T21:21:32 ICT" name="beforeMethodTest" finished-at="2022-04-08T21:21:32 ICT" duration-ms="0" status="PASS">
          <reporter-output>
          </reporter-output>
        </test-method> <!-- beforeMethodTest -->
        <test-method signature="testEditContact()[pri:2, instance:com.juaracoding.catatankeuangan.StepDefinitions@123ef382]" started-at="2022-04-08T21:21:32 ICT" name="testEditContact" description="User menambah pemasukkan" finished-at="2022-04-08T21:21:51 ICT" duration-ms="18444" status="PASS">
          <reporter-output>
          </reporter-output>
        </test-method> <!-- testEditContact -->
        <test-method is-config="true" signature="getResult(org.testng.ITestResult)[pri:0, instance:com.juaracoding.catatankeuangan.StepDefinitions@123ef382]" started-at="2022-04-08T21:21:51 ICT" name="getResult" finished-at="2022-04-08T21:21:51 ICT" duration-ms="1" status="PASS">
          <params>
            <param index="0">
              <value>
                <![CDATA[[TestResult name=testEditContact status=SUCCESS method=StepDefinitions.testEditContact()[pri:2, instance:com.juaracoding.catatankeuangan.StepDefinitions@123ef382] output={null}]]]>
              </value>
            </param>
          </params>
          <reporter-output>
          </reporter-output>
        </test-method> <!-- getResult -->
        <test-method is-config="true" signature="closeApp()[pri:0, instance:com.juaracoding.catatankeuangan.StepDefinitions@123ef382]" started-at="2022-04-08T21:21:51 ICT" name="closeApp" finished-at="2022-04-08T21:21:56 ICT" duration-ms="4945" status="PASS">
          <reporter-output>
          </reporter-output>
        </test-method> <!-- closeApp -->
      </class> <!-- com.juaracoding.catatankeuangan.StepDefinitions -->
    </test> <!-- Default test -->
  </suite> <!-- Default suite -->
</testng-results>
